0 info it worked if it ends with ok
1 verbose cli [ 'node', '/usr/local/bin/npm', 'install', '-g', 'jasmine' ]
2 info using npm@2.7.4
3 info using node@v0.12.2
4 silly cache add args [ 'jasmine', null ]
5 verbose cache add spec jasmine
6 silly cache add parsed spec { raw: 'jasmine',
6 silly cache add   scope: null,
6 silly cache add   name: 'jasmine',
6 silly cache add   rawSpec: '',
6 silly cache add   spec: '*',
6 silly cache add   type: 'range' }
7 verbose addNamed jasmine@*
8 silly addNamed semver.valid null
9 silly addNamed semver.validRange *
10 silly addNameRange { name: 'jasmine', range: '*', hasData: false }
11 silly mapToRegistry name jasmine
12 silly mapToRegistry using default registry
13 silly mapToRegistry registry https://registry.npmjs.org/
14 silly mapToRegistry uri https://registry.npmjs.org/jasmine
15 verbose addNameRange registry:https://registry.npmjs.org/jasmine not in flight; fetching
16 verbose request uri https://registry.npmjs.org/jasmine
17 verbose request no auth needed
18 info attempt registry request try #1 at 7:57:22 PM
19 verbose request id 014f343ee7e300f1
20 http request GET https://registry.npmjs.org/jasmine
21 http 200 https://registry.npmjs.org/jasmine
22 silly get cb [ 200,
22 silly get   { server: 'CouchDB/1.5.0 (Erlang OTP/R16B03)',
22 silly get     etag: '"E0W1EPVTMDD988H6IZPZNO6C3"',
22 silly get     'content-type': 'application/json',
22 silly get     'cache-control': 'max-age=60',
22 silly get     'content-length': '10498',
22 silly get     'accept-ranges': 'bytes',
22 silly get     date: 'Fri, 24 Jul 2015 14:27:23 GMT',
22 silly get     via: '1.1 varnish',
22 silly get     age: '0',
22 silly get     connection: 'keep-alive',
22 silly get     'x-served-by': 'cache-sin6923-SIN',
22 silly get     'x-cache': 'HIT',
22 silly get     'x-cache-hits': '1',
22 silly get     'x-timer': 'S1437748042.241390,VS0,VE1031',
22 silly get     vary: 'Accept' } ]
23 verbose get saving jasmine to /Users/sw-chetan-09/.npm/registry.npmjs.org/jasmine/.cache.json
24 silly addNameRange number 2 { name: 'jasmine', range: '*', hasData: true }
25 silly addNameRange versions [ 'jasmine',
25 silly addNameRange   [ '2.0.1', '2.1.0', '2.1.1', '2.2.0', '2.2.1', '2.3.0', '2.3.1' ] ]
26 verbose addNamed jasmine@2.3.1
27 silly addNamed semver.valid 2.3.1
28 silly addNamed semver.validRange 2.3.1
29 silly mapToRegistry name jasmine
30 silly mapToRegistry using default registry
31 silly mapToRegistry registry https://registry.npmjs.org/
32 silly mapToRegistry uri https://registry.npmjs.org/jasmine
33 verbose addRemoteTarball https://registry.npmjs.org/jasmine/-/jasmine-2.3.1.tgz not in flight; adding
34 verbose addRemoteTarball [ 'https://registry.npmjs.org/jasmine/-/jasmine-2.3.1.tgz',
34 verbose addRemoteTarball   '4b2a4923d9c0472f6f66d38a11cca0c6d6070bda' ]
35 info retry fetch attempt 1 at 7:57:24 PM
36 info attempt registry request try #1 at 7:57:24 PM
37 http fetch GET https://registry.npmjs.org/jasmine/-/jasmine-2.3.1.tgz
38 http fetch 200 https://registry.npmjs.org/jasmine/-/jasmine-2.3.1.tgz
39 silly fetchAndShaCheck shasum 4b2a4923d9c0472f6f66d38a11cca0c6d6070bda
40 verbose addTmpTarball /var/folders/6v/gqm_k6d52054vfc5_m0y9vg80000gn/T/npm-7877-a4864515/registry.npmjs.org/jasmine/-/jasmine-2.3.1.tgz not in flight; adding
41 verbose addTmpTarball already have metadata; skipping unpack for jasmine@2.3.1
42 silly cache afterAdd jasmine@2.3.1
43 verbose afterAdd /Users/sw-chetan-09/.npm/jasmine/2.3.1/package/package.json not in flight; writing
44 verbose afterAdd /Users/sw-chetan-09/.npm/jasmine/2.3.1/package/package.json written
45 silly install resolved [ { name: 'jasmine',
45 silly install resolved     description: 'Command line jasmine',
45 silly install resolved     homepage: 'http://jasmine.github.io/',
45 silly install resolved     keywords: [ 'test', 'jasmine', 'tdd', 'bdd' ],
45 silly install resolved     license: 'MIT',
45 silly install resolved     version: '2.3.1',
45 silly install resolved     repository: { type: 'git', url: 'https://github.com/jasmine/jasmine-npm' },
45 silly install resolved     scripts: { test: 'grunt && ./bin/jasmine.js' },
45 silly install resolved     dependencies: { exit: '^0.1.2', glob: '^3.2.11', 'jasmine-core': '~2.3.0' },
45 silly install resolved     bin: { jasmine: './bin/jasmine.js' },
45 silly install resolved     main: './lib/jasmine.js',
45 silly install resolved     devDependencies:
45 silly install resolved      { grunt: '^0.4.2',
45 silly install resolved        'grunt-cli': '^0.1.13',
45 silly install resolved        'grunt-contrib-jshint': '^0.11.0',
45 silly install resolved        shelljs: '^0.3.0' },
45 silly install resolved     gitHead: '12e9ba5979d18d5f208d04c23cc9061af885cebb',
45 silly install resolved     bugs: { url: 'https://github.com/jasmine/jasmine-npm/issues' },
45 silly install resolved     _id: 'jasmine@2.3.1',
45 silly install resolved     _shasum: '4b2a4923d9c0472f6f66d38a11cca0c6d6070bda',
45 silly install resolved     _from: 'jasmine@*',
45 silly install resolved     _npmVersion: '2.5.1',
45 silly install resolved     _nodeVersion: '1.4.1',
45 silly install resolved     _npmUser: { name: 'amavisca', email: 'chris.amavisca@gmail.com' },
45 silly install resolved     maintainers: [ [Object], [Object], [Object] ],
45 silly install resolved     dist:
45 silly install resolved      { shasum: '4b2a4923d9c0472f6f66d38a11cca0c6d6070bda',
45 silly install resolved        tarball: 'http://registry.npmjs.org/jasmine/-/jasmine-2.3.1.tgz' },
45 silly install resolved     directories: {},
45 silly install resolved     _resolved: 'https://registry.npmjs.org/jasmine/-/jasmine-2.3.1.tgz' } ]
46 info install jasmine@2.3.1 into /usr/local/lib
47 info installOne jasmine@2.3.1
48 verbose installOne of jasmine to /usr/local/lib not in flight; installing
49 verbose lock using /Users/sw-chetan-09/.npm/_locks/jasmine-166463d93d0f0777.lock for /usr/local/lib/node_modules/jasmine
50 silly install write writing jasmine 2.3.1 to /usr/local/lib/node_modules/jasmine
51 silly cache addNamed cb jasmine@2.3.1
52 verbose unbuild lib/node_modules/jasmine
53 silly gentlyRm /usr/local/lib/node_modules/jasmine is being purged from base /usr/local
54 verbose gentlyRm don't care about contents; nuking /usr/local/lib/node_modules/jasmine
55 verbose tar unpack /Users/sw-chetan-09/.npm/jasmine/2.3.1/package.tgz
56 verbose tar unpacking to /usr/local/lib/node_modules/jasmine
57 silly gentlyRm /usr/local/lib/node_modules/jasmine is being purged
58 verbose gentlyRm don't care about contents; nuking /usr/local/lib/node_modules/jasmine
59 silly gunzTarPerm modes [ '755', '644' ]
60 error tar.unpack untar error /Users/sw-chetan-09/.npm/jasmine/2.3.1/package.tgz
61 verbose unlock done using /Users/sw-chetan-09/.npm/_locks/jasmine-166463d93d0f0777.lock for /usr/local/lib/node_modules/jasmine
62 verbose fstream_path /usr/local/lib/node_modules/jasmine
63 verbose fstream_type Directory
64 verbose fstream_class DirWriter
65 verbose stack Error: EACCES, mkdir '/usr/local/lib/node_modules/jasmine'
65 verbose stack     at Error (native)
66 verbose fstream_stack /usr/local/lib/node_modules/npm/node_modules/fstream/lib/dir-writer.js:36:23
66 verbose fstream_stack /usr/local/lib/node_modules/npm/node_modules/mkdirp/index.js:46:53
66 verbose fstream_stack FSReqWrap.oncomplete (fs.js:95:15)
67 verbose cwd /workspace/jqueryconf2015
68 error Darwin 14.4.0
69 error argv "node" "/usr/local/bin/npm" "install" "-g" "jasmine"
70 error node v0.12.2
71 error npm  v2.7.4
72 error path /usr/local/lib/node_modules/jasmine
73 error code EACCES
74 error errno -13
75 error Error: EACCES, mkdir '/usr/local/lib/node_modules/jasmine'
75 error     at Error (native)
75 error  { [Error: EACCES, mkdir '/usr/local/lib/node_modules/jasmine']
75 error   errno: -13,
75 error   code: 'EACCES',
75 error   path: '/usr/local/lib/node_modules/jasmine',
75 error   fstream_type: 'Directory',
75 error   fstream_path: '/usr/local/lib/node_modules/jasmine',
75 error   fstream_class: 'DirWriter',
75 error   fstream_stack:
75 error    [ '/usr/local/lib/node_modules/npm/node_modules/fstream/lib/dir-writer.js:36:23',
75 error      '/usr/local/lib/node_modules/npm/node_modules/mkdirp/index.js:46:53',
75 error      'FSReqWrap.oncomplete (fs.js:95:15)' ] }
76 error Please try running this command again as root/Administrator.
77 verbose exit [ -13, true ]
78 verbose unbuild lib/node_modules/jasmine
79 silly gentlyRm /usr/local/lib/node_modules/jasmine is being purged from base /usr/local
80 verbose gentlyRm don't care about contents; nuking /usr/local/lib/node_modules/jasmine
